Teplitsa_minifier@1.0.1 /mnt/codehdd1/php/tepleykalanding.dench/wp-content/themes/leyka-landing
├── bootstrap@4.3.1
├─┬ del@5.0.0
│ ├─┬ globby@10.0.1
│ │ ├─┬ @types/glob@7.1.1
│ │ │ ├── @types/events@3.0.0
│ │ │ ├── @types/minimatch@3.0.3 deduped
│ │ │ └── @types/node@12.6.8
│ │ ├── array-union@2.1.0
│ │ ├─┬ dir-glob@3.0.1
│ │ │ └── path-type@4.0.0
│ │ ├─┬ fast-glob@3.0.4
│ │ │ ├── @nodelib/fs.stat@2.0.1
│ │ │ ├─┬ @nodelib/fs.walk@1.2.2
│ │ │ │ ├─┬ @nodelib/fs.scandir@2.1.1
│ │ │ │ │ ├── @nodelib/fs.stat@2.0.1 deduped
│ │ │ │ │ └── run-parallel@1.1.9
│ │ │ │ └─┬ fastq@1.6.0
│ │ │ │   └── reusify@1.0.4
│ │ │ ├─┬ glob-parent@5.0.0
│ │ │ │ └── is-glob@4.0.1 deduped
│ │ │ ├── is-glob@4.0.1 deduped
│ │ │ ├── merge2@1.2.3 deduped
│ │ │ └── micromatch@4.0.2 deduped
│ │ ├─┬ glob@7.1.4
│ │ │ ├── fs.realpath@1.0.0
│ │ │ ├─┬ inflight@1.0.6
│ │ │ │ ├── once@1.4.0 deduped
│ │ │ │ └── wrappy@1.0.2
│ │ │ ├── inherits@2.0.4 deduped
│ │ │ ├── minimatch@3.0.4 deduped
│ │ │ ├─┬ once@1.4.0
│ │ │ │ └── wrappy@1.0.2 deduped
│ │ │ └── path-is-absolute@1.0.1
│ │ ├── ignore@5.1.2
│ │ ├── merge2@1.2.3
│ │ └── slash@3.0.0
│ ├── is-path-cwd@2.2.0
│ ├─┬ is-path-in-cwd@2.1.0
│ │ └─┬ is-path-inside@2.1.0
│ │   └── path-is-inside@1.0.2
│ ├── p-map@2.1.0
│ └─┬ rimraf@2.6.3
│   └── glob@7.1.4 deduped
├─┬ event-stream@4.0.1
│ ├── duplexer@0.1.1
│ ├── from@0.1.7
│ ├── map-stream@0.0.7
│ ├─┬ pause-stream@0.0.11
│ │ └── through@2.3.8 deduped
│ ├─┬ split@1.0.1
│ │ └── through@2.3.8 deduped
│ ├─┬ stream-combiner@0.2.2
│ │ ├── duplexer@0.1.1 deduped
│ │ └── through@2.3.8 deduped
│ └── through@2.3.8
├─┬ UNMET OPTIONAL DEPENDENCY fsevents@1.2.9
│ ├── nan@2.14.0
│ └─┬ UNMET OPTIONAL DEPENDENCY node-pre-gyp@0.12.0
│   ├── UNMET OPTIONAL DEPENDENCY detect-libc@1.0.3
│   ├─┬ UNMET OPTIONAL DEPENDENCY mkdirp@0.5.1
│   │ └── UNMET OPTIONAL DEPENDENCY minimist@0.0.8
│   ├─┬ UNMET OPTIONAL DEPENDENCY needle@2.3.0
│   │ ├─┬ UNMET OPTIONAL DEPENDENCY debug@4.1.1
│   │ │ └── UNMET OPTIONAL DEPENDENCY ms@2.1.1
│   │ ├─┬ UNMET OPTIONAL DEPENDENCY iconv-lite@0.4.24
│   │ │ └── UNMET OPTIONAL DEPENDENCY safer-buffer@2.1.2
│   │ └── UNMET OPTIONAL DEPENDENCY sax@1.2.4
│   ├─┬ UNMET OPTIONAL DEPENDENCY nopt@4.0.1
│   │ ├── UNMET OPTIONAL DEPENDENCY abbrev@1.1.1
│   │ └─┬ UNMET OPTIONAL DEPENDENCY osenv@0.1.5
│   │   ├── UNMET OPTIONAL DEPENDENCY os-homedir@1.0.2
│   │   └── UNMET OPTIONAL DEPENDENCY os-tmpdir@1.0.2
│   ├─┬ UNMET OPTIONAL DEPENDENCY npm-packlist@1.4.1
│   │ ├─┬ UNMET OPTIONAL DEPENDENCY ignore-walk@3.0.1
│   │ │ └─┬ UNMET OPTIONAL DEPENDENCY minimatch@3.0.4
│   │ │   └─┬ UNMET OPTIONAL DEPENDENCY brace-expansion@1.1.11
│   │ │     ├── UNMET OPTIONAL DEPENDENCY balanced-match@1.0.0
│   │ │     └── UNMET OPTIONAL DEPENDENCY concat-map@0.0.1
│   │ └── UNMET OPTIONAL DEPENDENCY npm-bundled@1.0.6
│   ├─┬ UNMET OPTIONAL DEPENDENCY npmlog@4.1.2
│   │ ├─┬ UNMET OPTIONAL DEPENDENCY are-we-there-yet@1.1.5
│   │ │ ├── UNMET OPTIONAL DEPENDENCY delegates@1.0.0
│   │ │ └─┬ UNMET OPTIONAL DEPENDENCY readable-stream@2.3.6
│   │ │   ├── UNMET OPTIONAL DEPENDENCY core-util-is@1.0.2
│   │ │   ├── UNMET OPTIONAL DEPENDENCY inherits@2.0.3
│   │ │   ├── UNMET OPTIONAL DEPENDENCY isarray@1.0.0
│   │ │   ├── UNMET OPTIONAL DEPENDENCY process-nextick-args@2.0.0
│   │ │   ├── UNMET OPTIONAL DEPENDENCY safe-buffer@5.1.2
│   │ │   ├─┬ UNMET OPTIONAL DEPENDENCY string_decoder@1.1.1
│   │ │   │ └── UNMET OPTIONAL DEPENDENCY safe-buffer@5.1.2
│   │ │   └── UNMET OPTIONAL DEPENDENCY util-deprecate@1.0.2
│   │ ├── UNMET OPTIONAL DEPENDENCY console-control-strings@1.1.0
│   │ ├─┬ UNMET OPTIONAL DEPENDENCY gauge@2.7.4
│   │ │ ├── UNMET OPTIONAL DEPENDENCY aproba@1.2.0
│   │ │ ├── UNMET OPTIONAL DEPENDENCY console-control-strings@1.1.0
│   │ │ ├── UNMET OPTIONAL DEPENDENCY has-unicode@2.0.1
│   │ │ ├── UNMET OPTIONAL DEPENDENCY object-assign@4.1.1
│   │ │ ├── UNMET OPTIONAL DEPENDENCY signal-exit@3.0.2
│   │ │ ├─┬ UNMET OPTIONAL DEPENDENCY string-width@1.0.2
│   │ │ │ ├── UNMET OPTIONAL DEPENDENCY code-point-at@1.1.0
│   │ │ │ ├─┬ UNMET OPTIONAL DEPENDENCY is-fullwidth-code-point@1.0.0
│   │ │ │ │ └── UNMET OPTIONAL DEPENDENCY number-is-nan@1.0.1
│   │ │ │ └── UNMET OPTIONAL DEPENDENCY strip-ansi@3.0.1
│   │ │ ├─┬ UNMET OPTIONAL DEPENDENCY strip-ansi@3.0.1
│   │ │ │ └── UNMET OPTIONAL DEPENDENCY ansi-regex@2.1.1
│   │ │ └─┬ UNMET OPTIONAL DEPENDENCY wide-align@1.1.3
│   │ │   └── UNMET OPTIONAL DEPENDENCY string-width@1.0.2
│   │ └── UNMET OPTIONAL DEPENDENCY set-blocking@2.0.0
│   ├─┬ UNMET OPTIONAL DEPENDENCY rc@1.2.8
│   │ ├── UNMET OPTIONAL DEPENDENCY deep-extend@0.6.0
│   │ ├── UNMET OPTIONAL DEPENDENCY ini@1.3.5
│   │ ├── UNMET OPTIONAL DEPENDENCY minimist@1.2.0
│   │ └── UNMET OPTIONAL DEPENDENCY strip-json-comments@2.0.1
│   ├─┬ UNMET OPTIONAL DEPENDENCY rimraf@2.6.3
│   │ └─┬ UNMET OPTIONAL DEPENDENCY glob@7.1.3
│   │   ├── UNMET OPTIONAL DEPENDENCY fs.realpath@1.0.0
│   │   ├─┬ UNMET OPTIONAL DEPENDENCY inflight@1.0.6
│   │   │ ├── UNMET OPTIONAL DEPENDENCY once@1.4.0
│   │   │ └── UNMET OPTIONAL DEPENDENCY wrappy@1.0.2
│   │   ├── UNMET OPTIONAL DEPENDENCY inherits@2.0.3
│   │   ├── UNMET OPTIONAL DEPENDENCY minimatch@3.0.4
│   │   ├─┬ UNMET OPTIONAL DEPENDENCY once@1.4.0
│   │   │ └── UNMET OPTIONAL DEPENDENCY wrappy@1.0.2
│   │   └── UNMET OPTIONAL DEPENDENCY path-is-absolute@1.0.1
│   ├── UNMET OPTIONAL DEPENDENCY semver@5.7.0
│   └─┬ UNMET OPTIONAL DEPENDENCY tar@4.4.8
│     ├── UNMET OPTIONAL DEPENDENCY chownr@1.1.1
│     ├─┬ UNMET OPTIONAL DEPENDENCY fs-minipass@1.2.5
│     │ └── UNMET OPTIONAL DEPENDENCY minipass@2.3.5
│     ├─┬ UNMET OPTIONAL DEPENDENCY minipass@2.3.5
│     │ ├── UNMET OPTIONAL DEPENDENCY safe-buffer@5.1.2
│     │ └── UNMET OPTIONAL DEPENDENCY yallist@3.0.3
│     ├─┬ UNMET OPTIONAL DEPENDENCY minizlib@1.2.1
│     │ └── UNMET OPTIONAL DEPENDENCY minipass@2.3.5
│     ├── UNMET OPTIONAL DEPENDENCY mkdirp@0.5.1
│     ├── UNMET OPTIONAL DEPENDENCY safe-buffer@5.1.2
│     └── UNMET OPTIONAL DEPENDENCY yallist@3.0.3
├─┬ gulp@4.0.2
│ ├─┬ glob-watcher@5.0.3
│ │ ├─┬ anymatch@2.0.0
│ │ │ ├─┬ micromatch@3.1.10
│ │ │ │ ├── arr-diff@4.0.0 deduped
│ │ │ │ ├── array-unique@0.3.2 deduped
│ │ │ │ ├─┬ braces@2.3.2
│ │ │ │ │ ├── arr-flatten@1.1.0 deduped
│ │ │ │ │ ├── array-unique@0.3.2 deduped
│ │ │ │ │ ├─┬ extend-shallow@2.0.1
│ │ │ │ │ │ └── is-extendable@0.1.1 deduped
│ │ │ │ │ ├─┬ fill-range@4.0.0
│ │ │ │ │ │ ├─┬ extend-shallow@2.0.1
│ │ │ │ │ │ │ └── is-extendable@0.1.1 deduped
│ │ │ │ │ │ ├─┬ is-number@3.0.0
│ │ │ │ │ │ │ └─┬ kind-of@3.2.2
│ │ │ │ │ │ │   └── is-buffer@1.1.6 deduped
│ │ │ │ │ │ ├── repeat-string@1.6.1 deduped
│ │ │ │ │ │ └─┬ to-regex-range@2.1.1
│ │ │ │ │ │   ├── is-number@3.0.0 deduped
│ │ │ │ │ │   └── repeat-string@1.6.1 deduped
│ │ │ │ │ ├── isobject@3.0.1 deduped
│ │ │ │ │ ├── repeat-element@1.1.3 deduped
│ │ │ │ │ ├── snapdragon@0.8.2 deduped
│ │ │ │ │ ├── snapdragon-node@2.1.1 deduped
│ │ │ │ │ ├── split-string@3.1.0 deduped
│ │ │ │ │ └── to-regex@3.0.2 deduped
│ │ │ │ ├── define-property@2.0.2 deduped
│ │ │ │ ├── extend-shallow@3.0.2 deduped
│ │ │ │ ├── extglob@2.0.4 deduped
│ │ │ │ ├── fragment-cache@0.2.1 deduped
│ │ │ │ ├── kind-of@6.0.2 deduped
│ │ │ │ ├── nanomatch@1.2.13 deduped
│ │ │ │ ├── object.pick@1.3.0 deduped
│ │ │ │ ├── regex-not@1.0.2 deduped
│ │ │ │ ├── snapdragon@0.8.2 deduped
│ │ │ │ └── to-regex@3.0.2 deduped
│ │ │ └── normalize-path@2.1.1 deduped
│ │ ├─┬ async-done@1.3.2
│ │ │ ├─┬ end-of-stream@1.4.1
│ │ │ │ └── once@1.4.0 deduped
│ │ │ ├── once@1.4.0 deduped
│ │ │ ├── process-nextick-args@2.0.1
│ │ │ └── stream-exhaust@1.0.2
│ │ ├─┬ chokidar@2.1.6
│ │ │ ├── anymatch@2.0.0 deduped
│ │ │ ├── async-each@1.0.3
│ │ │ ├─┬ braces@2.3.2
│ │ │ │ ├── arr-flatten@1.1.0 deduped
│ │ │ │ ├── array-unique@0.3.2 deduped
│ │ │ │ ├─┬ extend-shallow@2.0.1
│ │ │ │ │ └── is-extendable@0.1.1
│ │ │ │ ├─┬ fill-range@4.0.0
│ │ │ │ │ ├── extend-shallow@2.0.1 deduped
│ │ │ │ │ ├─┬ is-number@3.0.0
│ │ │ │ │ │ └─┬ kind-of@3.2.2
│ │ │ │ │ │   └── is-buffer@1.1.6 deduped
│ │ │ │ │ ├── repeat-string@1.6.1
│ │ │ │ │ └─┬ to-regex-range@2.1.1
│ │ │ │ │   ├── is-number@3.0.0 deduped
│ │ │ │ │   └── repeat-string@1.6.1 deduped
│ │ │ │ ├── isobject@3.0.1 deduped
│ │ │ │ ├── repeat-element@1.1.3
│ │ │ │ ├── snapdragon@0.8.2 deduped
│ │ │ │ ├─┬ snapdragon-node@2.1.1
│ │ │ │ │ ├─┬ define-property@1.0.0
│ │ │ │ │ │ └─┬ is-descriptor@1.0.2
│ │ │ │ │ │   ├─┬ is-accessor-descriptor@1.0.0
│ │ │ │ │ │   │ └── kind-of@6.0.2 deduped
│ │ │ │ │ │   ├─┬ is-data-descriptor@1.0.0
│ │ │ │ │ │   │ └── kind-of@6.0.2 deduped
│ │ │ │ │ │   └── kind-of@6.0.2 deduped
│ │ │ │ │ ├── isobject@3.0.1 deduped
│ │ │ │ │ └─┬ snapdragon-util@3.0.1
│ │ │ │ │   └─┬ kind-of@3.2.2
│ │ │ │ │     └── is-buffer@1.1.6 deduped
│ │ │ │ ├─┬ split-string@3.1.0
│ │ │ │ │ └── extend-shallow@3.0.2 deduped
│ │ │ │ └── to-regex@3.0.2 deduped
│ │ │ ├── UNMET OPTIONAL DEPENDENCY fsevents@1.2.9
│ │ │ ├─┬ glob-parent@3.1.0
│ │ │ │ ├─┬ is-glob@3.1.0
│ │ │ │ │ └── is-extglob@2.1.1 deduped
│ │ │ │ └── path-dirname@1.0.2
│ │ │ ├── inherits@2.0.4 deduped
│ │ │ ├─┬ is-binary-path@1.0.1
│ │ │ │ └── binary-extensions@1.13.1
│ │ │ ├── is-glob@4.0.1 deduped
│ │ │ ├── normalize-path@3.0.0
│ │ │ ├── path-is-absolute@1.0.1 deduped
│ │ │ ├─┬ readdirp@2.2.1
│ │ │ │ ├── graceful-fs@4.2.0 deduped
│ │ │ │ ├─┬ micromatch@3.1.10
│ │ │ │ │ ├── arr-diff@4.0.0 deduped
│ │ │ │ │ ├── array-unique@0.3.2 deduped
│ │ │ │ │ ├─┬ braces@2.3.2
│ │ │ │ │ │ ├── arr-flatten@1.1.0 deduped
│ │ │ │ │ │ ├── array-unique@0.3.2 deduped
│ │ │ │ │ │ ├─┬ extend-shallow@2.0.1
│ │ │ │ │ │ │ └── is-extendable@0.1.1 deduped
│ │ │ │ │ │ ├─┬ fill-range@4.0.0
│ │ │ │ │ │ │ ├─┬ extend-shallow@2.0.1
│ │ │ │ │ │ │ │ └── is-extendable@0.1.1 deduped
│ │ │ │ │ │ │ ├─┬ is-number@3.0.0
│ │ │ │ │ │ │ │ └─┬ kind-of@3.2.2
│ │ │ │ │ │ │ │   └── is-buffer@1.1.6 deduped
│ │ │ │ │ │ │ ├── repeat-string@1.6.1 deduped
│ │ │ │ │ │ │ └─┬ to-regex-range@2.1.1
│ │ │ │ │ │ │   ├── is-number@3.0.0 deduped
│ │ │ │ │ │ │   └── repeat-string@1.6.1 deduped
│ │ │ │ │ │ ├── isobject@3.0.1 deduped
│ │ │ │ │ │ ├── repeat-element@1.1.3 deduped
│ │ │ │ │ │ ├── snapdragon@0.8.2 deduped
│ │ │ │ │ │ ├── snapdragon-node@2.1.1 deduped
│ │ │ │ │ │ ├── split-string@3.1.0 deduped
│ │ │ │ │ │ └── to-regex@3.0.2 deduped
│ │ │ │ │ ├── define-property@2.0.2 deduped
│ │ │ │ │ ├── extend-shallow@3.0.2 deduped
│ │ │ │ │ ├── extglob@2.0.4 deduped
│ │ │ │ │ ├── fragment-cache@0.2.1 deduped
│ │ │ │ │ ├── kind-of@6.0.2 deduped
│ │ │ │ │ ├── nanomatch@1.2.13 deduped
│ │ │ │ │ ├── object.pick@1.3.0 deduped
│ │ │ │ │ ├── regex-not@1.0.2 deduped
│ │ │ │ │ ├── snapdragon@0.8.2 deduped
│ │ │ │ │ └── to-regex@3.0.2 deduped
│ │ │ │ └── readable-stream@2.3.6 deduped
│ │ │ └── upath@1.1.2
│ │ ├── is-negated-glob@1.0.0
│ │ ├── just-debounce@1.0.0
│ │ └─┬ object.defaults@1.1.0
│ │   ├── array-each@1.0.1 deduped
│ │   ├── array-slice@1.1.0
│ │   ├─┬ for-own@1.0.0
│ │   │ └── for-in@1.0.2
│ │   └── isobject@3.0.1 deduped
│ ├─┬ gulp-cli@2.2.0
│ │ ├─┬ ansi-colors@1.1.0
│ │ │ └── ansi-wrap@0.1.0
│ │ ├── archy@1.0.0
│ │ ├─┬ array-sort@1.0.0
│ │ │ ├─┬ default-compare@1.0.0
│ │ │ │ └── kind-of@5.1.0
│ │ │ ├── get-value@2.0.6
│ │ │ └── kind-of@5.1.0
│ │ ├── color-support@1.1.3
│ │ ├─┬ concat-stream@1.6.2
│ │ │ ├── buffer-from@1.1.1
│ │ │ ├── inherits@2.0.4 deduped
│ │ │ ├── readable-stream@2.3.6 deduped
│ │ │ └── typedarray@0.0.6
│ │ ├─┬ copy-props@2.0.4
│ │ │ ├─┬ each-props@1.3.2
│ │ │ │ ├── is-plain-object@2.0.4 deduped
│ │ │ │ └── object.defaults@1.1.0 deduped
│ │ │ └─┬ is-plain-object@2.0.4
│ │ │   └── isobject@3.0.1 deduped
│ │ ├── fancy-log@1.3.3 deduped
│ │ ├── gulplog@1.0.0 deduped
│ │ ├── interpret@1.2.0
│ │ ├── isobject@3.0.1 deduped
│ │ ├─┬ liftoff@3.1.0
│ │ │ ├── extend@3.0.2
│ │ │ ├── findup-sync@3.0.0 deduped
│ │ │ ├─┬ fined@1.2.0
│ │ │ │ ├── expand-tilde@2.0.2 deduped
│ │ │ │ ├── is-plain-object@2.0.4 deduped
│ │ │ │ ├── object.defaults@1.1.0 deduped
│ │ │ │ ├── object.pick@1.3.0 deduped
│ │ │ │ └─┬ parse-filepath@1.0.2
│ │ │ │   ├── is-absolute@1.0.0 deduped
│ │ │ │   ├── map-cache@0.2.2 deduped
│ │ │ │   └─┬ path-root@0.1.1
│ │ │ │     └── path-root-regex@0.1.2
│ │ │ ├── flagged-respawn@1.0.1
│ │ │ ├── is-plain-object@2.0.4 deduped
│ │ │ ├─┬ object.map@1.0.1
│ │ │ │ ├── for-own@1.0.0 deduped
│ │ │ │ └── make-iterator@1.0.1 deduped
│ │ │ ├─┬ rechoir@0.6.2
│ │ │ │ └── resolve@1.11.1 deduped
│ │ │ └── resolve@1.11.1 deduped
│ │ ├─┬ matchdep@2.0.0
│ │ │ ├─┬ findup-sync@2.0.0
│ │ │ │ ├── detect-file@1.0.0 deduped
│ │ │ │ ├─┬ is-glob@3.1.0
│ │ │ │ │ └── is-extglob@2.1.1 deduped
│ │ │ │ ├── micromatch@3.1.10 deduped
│ │ │ │ └── resolve-dir@1.0.1 deduped
│ │ │ ├─┬ micromatch@3.1.10
│ │ │ │ ├── arr-diff@4.0.0 deduped
│ │ │ │ ├── array-unique@0.3.2 deduped
│ │ │ │ ├─┬ braces@2.3.2
│ │ │ │ │ ├── arr-flatten@1.1.0 deduped
│ │ │ │ │ ├── array-unique@0.3.2 deduped
│ │ │ │ │ ├─┬ extend-shallow@2.0.1
│ │ │ │ │ │ └── is-extendable@0.1.1 deduped
│ │ │ │ │ ├─┬ fill-range@4.0.0
│ │ │ │ │ │ ├─┬ extend-shallow@2.0.1
│ │ │ │ │ │ │ └── is-extendable@0.1.1 deduped
│ │ │ │ │ │ ├─┬ is-number@3.0.0
│ │ │ │ │ │ │ └─┬ kind-of@3.2.2
│ │ │ │ │ │ │   └── is-buffer@1.1.6 deduped
│ │ │ │ │ │ ├── repeat-string@1.6.1 deduped
│ │ │ │ │ │ └─┬ to-regex-range@2.1.1
│ │ │ │ │ │   ├── is-number@3.0.0 deduped
│ │ │ │ │ │   └── repeat-string@1.6.1 deduped
│ │ │ │ │ ├── isobject@3.0.1 deduped
│ │ │ │ │ ├── repeat-element@1.1.3 deduped
│ │ │ │ │ ├── snapdragon@0.8.2 deduped
│ │ │ │ │ ├── snapdragon-node@2.1.1 deduped
│ │ │ │ │ ├── split-string@3.1.0 deduped
│ │ │ │ │ └── to-regex@3.0.2 deduped
│ │ │ │ ├── define-property@2.0.2 deduped
│ │ │ │ ├── extend-shallow@3.0.2 deduped
│ │ │ │ ├── extglob@2.0.4 deduped
│ │ │ │ ├── fragment-cache@0.2.1 deduped
│ │ │ │ ├── kind-of@6.0.2 deduped
│ │ │ │ ├── nanomatch@1.2.13 deduped
│ │ │ │ ├── object.pick@1.3.0 deduped
│ │ │ │ ├── regex-not@1.0.2 deduped
│ │ │ │ ├── snapdragon@0.8.2 deduped
│ │ │ │ └── to-regex@3.0.2 deduped
│ │ │ ├── resolve@1.11.1 deduped
│ │ │ └── stack-trace@0.0.10
│ │ ├── mute-stdout@1.0.1
│ │ ├── pretty-hrtime@1.0.3
│ │ ├─┬ replace-homedir@1.0.0
│ │ │ ├─┬ homedir-polyfill@1.0.3
│ │ │ │ └── parse-passwd@1.0.0
│ │ │ ├─┬ is-absolute@1.0.0
│ │ │ │ ├─┬ is-relative@1.0.0
│ │ │ │ │ └─┬ is-unc-path@1.0.0
│ │ │ │ │   └── unc-path-regex@0.1.2
│ │ │ │ └── is-windows@1.0.2
│ │ │ └── remove-trailing-separator@1.1.0 deduped
│ │ ├─┬ semver-greatest-satisfied-range@1.1.0
│ │ │ └─┬ sver-compat@1.5.0
│ │ │   ├── es6-iterator@2.0.3 deduped
│ │ │   └── es6-symbol@3.1.1 deduped
│ │ ├─┬ v8flags@3.1.3
│ │ │ └── homedir-polyfill@1.0.3 deduped
│ │ └─┬ yargs@7.1.0
│ │   ├── camelcase@3.0.0
│ │   ├─┬ cliui@3.2.0
│ │   │ ├─┬ string-width@1.0.2
│ │   │ │ ├── code-point-at@1.1.0 deduped
│ │   │ │ ├─┬ is-fullwidth-code-point@1.0.0
│ │   │ │ │ └── number-is-nan@1.0.1 deduped
│ │   │ │ └── strip-ansi@3.0.1 deduped
│ │   │ ├── strip-ansi@3.0.1 deduped
│ │   │ └─┬ wrap-ansi@2.1.0
│ │   │   ├─┬ string-width@1.0.2
│ │   │   │ ├── code-point-at@1.1.0 deduped
│ │   │   │ ├─┬ is-fullwidth-code-point@1.0.0
│ │   │   │ │ └── number-is-nan@1.0.1 deduped
│ │   │   │ └── strip-ansi@3.0.1 deduped
│ │   │   └── strip-ansi@3.0.1 deduped
│ │   ├── decamelize@1.2.0
│ │   ├── get-caller-file@1.0.3
│ │   ├─┬ os-locale@1.4.0
│ │   │ └─┬ lcid@1.0.0
│ │   │   └── invert-kv@1.0.0
│ │   ├─┬ read-pkg-up@1.0.1
│ │   │ ├─┬ find-up@1.1.2
│ │   │ │ ├─┬ path-exists@2.1.0
│ │   │ │ │ └── pinkie-promise@2.0.1 deduped
│ │   │ │ └─┬ pinkie-promise@2.0.1
│ │   │ │   └── pinkie@2.0.4
│ │   │ └─┬ read-pkg@1.1.0
│ │   │   ├─┬ load-json-file@1.1.0
│ │   │   │ ├── graceful-fs@4.2.0 deduped
│ │   │   │ ├─┬ parse-json@2.2.0
│ │   │   │ │ └─┬ error-ex@1.3.2
│ │   │   │ │   └── is-arrayish@0.2.1
│ │   │   │ ├── pify@2.3.0
│ │   │   │ ├── pinkie-promise@2.0.1 deduped
│ │   │   │ └── strip-bom@2.0.0 deduped
│ │   │   ├── normalize-package-data@2.5.0 deduped
│ │   │   └─┬ path-type@1.1.0
│ │   │     ├── graceful-fs@4.2.0 deduped
│ │   │     ├── pify@2.3.0
│ │   │     └── pinkie-promise@2.0.1 deduped
│ │   ├── require-directory@2.1.1
│ │   ├── require-main-filename@1.0.1
│ │   ├── set-blocking@2.0.0
│ │   ├─┬ string-width@1.0.2
│ │   │ ├── code-point-at@1.1.0
│ │   │ ├─┬ is-fullwidth-code-point@1.0.0
│ │   │ │ └── number-is-nan@1.0.1
│ │   │ └── strip-ansi@3.0.1 deduped
│ │   ├── which-module@1.0.0
│ │   ├── y18n@3.2.1
│ │   └─┬ yargs-parser@5.0.0
│ │     └── camelcase@3.0.0
│ ├─┬ undertaker@1.2.1
│ │ ├── arr-flatten@1.1.0
│ │ ├─┬ arr-map@2.0.2
│ │ │ └─┬ make-iterator@1.0.1
│ │ │   └── kind-of@6.0.2 deduped
│ │ ├─┬ bach@1.2.0
│ │ │ ├─┬ arr-filter@1.1.2
│ │ │ │ └── make-iterator@1.0.1 deduped
│ │ │ ├── arr-flatten@1.1.0 deduped
│ │ │ ├── arr-map@2.0.2 deduped
│ │ │ ├── array-each@1.0.1 deduped
│ │ │ ├─┬ array-initial@1.1.0
│ │ │ │ ├── array-slice@1.1.0 deduped
│ │ │ │ └── is-number@4.0.0
│ │ │ ├─┬ array-last@1.3.0
│ │ │ │ └── is-number@4.0.0
│ │ │ ├── async-done@1.3.2 deduped
│ │ │ ├─┬ async-settle@1.0.0
│ │ │ │ └── async-done@1.3.2 deduped
│ │ │ └─┬ now-and-later@2.0.1
│ │ │   └── once@1.4.0 deduped
│ │ ├─┬ collection-map@1.0.0
│ │ │ ├── arr-map@2.0.2 deduped
│ │ │ ├── for-own@1.0.0 deduped
│ │ │ └── make-iterator@1.0.1 deduped
│ │ ├─┬ es6-weak-map@2.0.3
│ │ │ ├─┬ d@1.0.1
│ │ │ │ ├── es5-ext@0.10.50 deduped
│ │ │ │ └── type@1.0.1
│ │ │ ├─┬ es5-ext@0.10.50
│ │ │ │ ├── es6-iterator@2.0.3 deduped
│ │ │ │ ├── es6-symbol@3.1.1 deduped
│ │ │ │ └── next-tick@1.0.0 deduped
│ │ │ ├─┬ es6-iterator@2.0.3
│ │ │ │ ├── d@1.0.1 deduped
│ │ │ │ ├── es5-ext@0.10.50 deduped
│ │ │ │ └── es6-symbol@3.1.1 deduped
│ │ │ └─┬ es6-symbol@3.1.1
│ │ │   ├── d@1.0.1 deduped
│ │ │   └── es5-ext@0.10.50 deduped
│ │ ├─┬ last-run@1.1.1
│ │ │ ├── default-resolution@2.0.0
│ │ │ └── es6-weak-map@2.0.3 deduped
│ │ ├── object.defaults@1.1.0 deduped
│ │ ├─┬ object.reduce@1.0.1
│ │ │ ├── for-own@1.0.0 deduped
│ │ │ └── make-iterator@1.0.1 deduped
│ │ └── undertaker-registry@1.0.1
│ └─┬ vinyl-fs@3.0.3
│   ├─┬ fs-mkdirp-stream@1.0.0
│   │ ├── graceful-fs@4.2.0 deduped
│   │ └── through2@2.0.5 deduped
│   ├─┬ glob-stream@6.1.0
│   │ ├── extend@3.0.2 deduped
│   │ ├── glob@7.1.4 deduped
│   │ ├─┬ glob-parent@3.1.0
│   │ │ ├─┬ is-glob@3.1.0
│   │ │ │ └── is-extglob@2.1.1 deduped
│   │ │ └── path-dirname@1.0.2 deduped
│   │ ├── is-negated-glob@1.0.0 deduped
│   │ ├─┬ ordered-read-streams@1.0.1
│   │ │ └── readable-stream@2.3.6 deduped
│   │ ├── pumpify@1.5.1 deduped
│   │ ├── readable-stream@2.3.6 deduped
│   │ ├── remove-trailing-separator@1.1.0 deduped
│   │ ├─┬ to-absolute-glob@2.0.2
│   │ │ ├── is-absolute@1.0.0 deduped
│   │ │ └── is-negated-glob@1.0.0 deduped
│   │ └─┬ unique-stream@2.3.1
│   │   ├── json-stable-stringify-without-jsonify@1.0.1
│   │   └─┬ through2-filter@3.0.0
│   │     ├── through2@2.0.5 deduped
│   │     └── xtend@4.0.2 deduped
│   ├── graceful-fs@4.2.0 deduped
│   ├── is-valid-glob@1.0.0
│   ├─┬ lazystream@1.0.0
│   │ └── readable-stream@2.3.6 deduped
│   ├─┬ lead@1.0.0
│   │ └─┬ flush-write-stream@1.1.1
│   │   ├── inherits@2.0.4 deduped
│   │   └── readable-stream@2.3.6 deduped
│   ├─┬ object.assign@4.1.0
│   │ ├─┬ define-properties@1.1.3
│   │ │ └── object-keys@1.1.1 deduped
│   │ ├── function-bind@1.1.1
│   │ ├── has-symbols@1.0.0
│   │ └── object-keys@1.1.1
│   ├─┬ pumpify@1.5.1
│   │ ├─┬ duplexify@3.7.1
│   │ │ ├── end-of-stream@1.4.1 deduped
│   │ │ ├── inherits@2.0.4 deduped
│   │ │ ├── readable-stream@2.3.6 deduped
│   │ │ └── stream-shift@1.0.0
│   │ ├── inherits@2.0.4 deduped
│   │ └─┬ pump@2.0.1
│   │   ├── end-of-stream@1.4.1 deduped
│   │   └── once@1.4.0 deduped
│   ├─┬ readable-stream@2.3.6
│   │ ├── core-util-is@1.0.2
│   │ ├── inherits@2.0.4 deduped
│   │ ├── isarray@1.0.0
│   │ ├── process-nextick-args@2.0.1 deduped
│   │ ├── safe-buffer@5.1.2
│   │ ├─┬ string_decoder@1.1.1
│   │ │ └── safe-buffer@5.1.2
│   │ └── util-deprecate@1.0.2
│   ├─┬ remove-bom-buffer@3.0.0
│   │ ├── is-buffer@1.1.6
│   │ └── is-utf8@0.2.1
│   ├─┬ remove-bom-stream@1.2.0
│   │ ├── remove-bom-buffer@3.0.0 deduped
│   │ ├── safe-buffer@5.2.0 deduped
│   │ └── through2@2.0.5 deduped
│   ├─┬ resolve-options@1.1.0
│   │ └── value-or-function@3.0.0 deduped
│   ├── through2@2.0.5 deduped
│   ├─┬ to-through@2.0.0
│   │ └── through2@2.0.5 deduped
│   ├── value-or-function@3.0.0
│   ├── vinyl@2.2.0 deduped
│   └─┬ vinyl-sourcemap@1.1.0
│     ├─┬ append-buffer@1.0.2
│     │ └── buffer-equal@1.0.0
│     ├── convert-source-map@1.6.0 deduped
│     ├── graceful-fs@4.2.0 deduped
│     ├── normalize-path@2.1.1 deduped
│     ├── now-and-later@2.0.1 deduped
│     ├── remove-bom-buffer@3.0.0 deduped
│     └── vinyl@2.2.0 deduped
├─┬ gulp-autoprefixer@6.1.0
│ ├─┬ autoprefixer@9.6.1
│ │ ├─┬ browserslist@4.6.6
│ │ │ ├── caniuse-lite@1.0.30000986 deduped
│ │ │ ├── electron-to-chromium@1.3.203
│ │ │ └─┬ node-releases@1.1.26
│ │ │   └── semver@5.7.0
│ │ ├── caniuse-lite@1.0.30000986
│ │ ├── chalk@2.4.2 deduped
│ │ ├── normalize-range@0.1.2
│ │ ├── num2fraction@1.2.2
│ │ ├── postcss@7.0.17 deduped
│ │ └── postcss-value-parser@4.0.0
│ ├─┬ fancy-log@1.3.3
│ │ ├─┬ ansi-gray@0.1.1
│ │ │ └── ansi-wrap@0.1.0 deduped
│ │ ├── color-support@1.1.3 deduped
│ │ ├── parse-node-version@1.0.1
│ │ └── time-stamp@1.1.0
│ ├─┬ plugin-error@1.0.1
│ │ ├── ansi-colors@1.1.0 deduped
│ │ ├── arr-diff@4.0.0
│ │ ├── arr-union@3.1.0
│ │ └── extend-shallow@3.0.2 deduped
│ ├─┬ postcss@7.0.17
│ │ ├── chalk@2.4.2 deduped
│ │ ├── source-map@0.6.1
│ │ └─┬ supports-color@6.1.0
│ │   └── has-flag@3.0.0
│ ├─┬ through2@3.0.1
│ │ └── readable-stream@2.3.6 deduped
│ └─┬ vinyl-sourcemaps-apply@0.2.1
│   └── source-map@0.5.7
├─┬ gulp-cheerio@0.6.3
│ ├─┬ cheerio@0.22.0
│ │ ├─┬ css-select@1.2.0
│ │ │ ├── boolbase@1.0.0
│ │ │ ├── css-what@2.1.3
│ │ │ ├─┬ domutils@1.5.1
│ │ │ │ ├── dom-serializer@0.1.1 deduped
│ │ │ │ └── domelementtype@1.3.1 deduped
│ │ │ └─┬ nth-check@1.0.2
│ │ │   └── boolbase@1.0.0 deduped
│ │ ├─┬ dom-serializer@0.1.1
│ │ │ ├── domelementtype@1.3.1
│ │ │ └── entities@1.1.2 deduped
│ │ ├── entities@1.1.2
│ │ ├─┬ htmlparser2@3.10.1
│ │ │ ├── domelementtype@1.3.1 deduped
│ │ │ ├─┬ domhandler@2.4.2
│ │ │ │ └── domelementtype@1.3.1 deduped
│ │ │ ├── domutils@1.5.1 deduped
│ │ │ ├── entities@1.1.2 deduped
│ │ │ ├── inherits@2.0.4 deduped
│ │ │ └─┬ readable-stream@3.4.0
│ │ │   ├── inherits@2.0.4 deduped
│ │ │   ├── string_decoder@1.1.1 deduped
│ │ │   └── util-deprecate@1.0.2 deduped
│ │ ├── lodash.assignin@4.2.0
│ │ ├── lodash.bind@4.2.1
│ │ ├── lodash.defaults@4.2.0
│ │ ├── lodash.filter@4.6.0
│ │ ├── lodash.flatten@4.4.0
│ │ ├── lodash.foreach@4.5.0
│ │ ├── lodash.map@4.6.0
│ │ ├── lodash.merge@4.6.2
│ │ ├── lodash.pick@4.4.0
│ │ ├── lodash.reduce@4.6.0
│ │ ├── lodash.reject@4.6.0
│ │ └── lodash.some@4.6.0
│ ├─┬ plugin-error@0.1.2
│ │ ├─┬ ansi-cyan@0.1.1
│ │ │ └── ansi-wrap@0.1.0 deduped
│ │ ├─┬ ansi-red@0.1.1
│ │ │ └── ansi-wrap@0.1.0 deduped
│ │ ├─┬ arr-diff@1.1.0
│ │ │ ├── arr-flatten@1.1.0 deduped
│ │ │ └── array-slice@0.2.3
│ │ ├── arr-union@2.1.0
│ │ └─┬ extend-shallow@1.1.4
│ │   └── kind-of@1.1.0
│ └─┬ through2@0.6.5
│   ├─┬ readable-stream@1.0.34
│   │ ├── core-util-is@1.0.2 deduped
│   │ ├── inherits@2.0.4 deduped
│   │ ├── isarray@0.0.1
│   │ └── string_decoder@0.10.31
│   └── xtend@4.0.2
├─┬ gulp-concat@2.6.1
│ ├─┬ concat-with-sourcemaps@1.1.0
│ │ └── source-map@0.6.1
│ ├─┬ through2@2.0.5
│ │ ├── readable-stream@2.3.6 deduped
│ │ └── xtend@4.0.2 deduped
│ └─┬ vinyl@2.2.0
│   ├── clone@2.1.2
│   ├── clone-buffer@1.0.0
│   ├── clone-stats@1.0.0
│   ├─┬ cloneable-readable@1.1.3
│   │ ├── inherits@2.0.4 deduped
│   │ ├── process-nextick-args@2.0.1 deduped
│   │ └── readable-stream@2.3.6 deduped
│   ├── remove-trailing-separator@1.1.0
│   └── replace-ext@1.0.0 deduped
├─┬ gulp-cssmin@0.2.0
│ ├─┬ clean-css@3.4.28
│ │ ├─┬ commander@2.8.1
│ │ │ └── graceful-readlink@1.0.1
│ │ └─┬ source-map@0.4.4
│ │   └── amdefine@1.0.1
│ ├── filesize@2.0.4
│ ├── graceful-fs@4.1.15
│ ├─┬ gulp-rename@1.1.0
│ │ └── map-stream@0.0.7 deduped
│ ├─┬ gulp-util@2.2.20
│ │ ├─┬ chalk@0.5.1
│ │ │ ├── ansi-styles@1.1.0
│ │ │ ├── escape-string-regexp@1.0.5 deduped
│ │ │ ├─┬ has-ansi@0.1.0
│ │ │ │ └── ansi-regex@0.2.1
│ │ │ ├─┬ strip-ansi@0.3.0
│ │ │ │ └── ansi-regex@0.2.1 deduped
│ │ │ └── supports-color@0.2.0
│ │ ├─┬ dateformat@1.0.12
│ │ │ ├── get-stdin@4.0.1
│ │ │ └── meow@3.7.0 deduped
│ │ ├── lodash._reinterpolate@2.4.1
│ │ ├─┬ lodash.template@2.4.1
│ │ │ ├── lodash._escapestringchar@2.4.1
│ │ │ ├── lodash._reinterpolate@2.4.1 deduped
│ │ │ ├─┬ lodash.defaults@2.4.1
│ │ │ │ ├── lodash._objecttypes@2.4.1
│ │ │ │ └── lodash.keys@2.4.1 deduped
│ │ │ ├─┬ lodash.escape@2.4.1
│ │ │ │ ├─┬ lodash._escapehtmlchar@2.4.1
│ │ │ │ │ └── lodash._htmlescapes@2.4.1
│ │ │ │ ├─┬ lodash._reunescapedhtml@2.4.1
│ │ │ │ │ ├── lodash._htmlescapes@2.4.1 deduped
│ │ │ │ │ └── lodash.keys@2.4.1 deduped
│ │ │ │ └── lodash.keys@2.4.1 deduped
│ │ │ ├─┬ lodash.keys@2.4.1
│ │ │ │ ├── lodash._isnative@2.4.1
│ │ │ │ ├─┬ lodash._shimkeys@2.4.1
│ │ │ │ │ └── lodash._objecttypes@2.4.1 deduped
│ │ │ │ └─┬ lodash.isobject@2.4.1
│ │ │ │   └── lodash._objecttypes@2.4.1 deduped
│ │ │ ├─┬ lodash.templatesettings@2.4.1
│ │ │ │ ├── lodash._reinterpolate@2.4.1 deduped
│ │ │ │ └── lodash.escape@2.4.1 deduped
│ │ │ └─┬ lodash.values@2.4.1
│ │ │   └── lodash.keys@2.4.1 deduped
│ │ ├── minimist@0.2.0
│ │ ├── multipipe@0.1.2 deduped
│ │ ├─┬ through2@0.5.1
│ │ │ ├─┬ readable-stream@1.0.34
│ │ │ │ ├── core-util-is@1.0.2 deduped
│ │ │ │ ├── inherits@2.0.4 deduped
│ │ │ │ ├── isarray@0.0.1
│ │ │ │ └── string_decoder@0.10.31
│ │ │ └── xtend@3.0.0
│ │ └─┬ vinyl@0.2.3
│ │   └── clone-stats@0.0.1
│ ├── map-stream@0.0.4
│ └─┬ temp-write@0.1.1
│   ├── graceful-fs@2.0.3
│   └─┬ tempfile@0.1.3
│     └── uuid@1.4.2
├─┬ gulp-filter@6.0.0
│ ├─┬ multimatch@4.0.0
│ │ ├── @types/minimatch@3.0.3
│ │ ├── array-differ@3.0.0
│ │ ├── array-union@2.1.0 deduped
│ │ ├── arrify@2.0.1
│ │ └─┬ minimatch@3.0.4
│ │   └─┬ brace-expansion@1.1.11
│ │     ├── balanced-match@1.0.0
│ │     └── concat-map@0.0.1
│ ├── plugin-error@1.0.1 deduped
│ └─┬ streamfilter@3.0.0
│   └─┬ readable-stream@3.4.0
│     ├── inherits@2.0.4 deduped
│     ├── string_decoder@1.1.1 deduped
│     └── util-deprecate@1.0.2 deduped
├─┬ gulp-load-plugins@2.0.0
│ ├── array-unique@0.3.2
│ ├── fancy-log@1.3.3 deduped
│ ├─┬ findup-sync@3.0.0
│ │ ├── detect-file@1.0.0
│ │ ├─┬ is-glob@4.0.1
│ │ │ └── is-extglob@2.1.1
│ │ ├─┬ micromatch@3.1.10
│ │ │ ├── arr-diff@4.0.0 deduped
│ │ │ ├── array-unique@0.3.2 deduped
│ │ │ ├─┬ braces@2.3.2
│ │ │ │ ├── arr-flatten@1.1.0 deduped
│ │ │ │ ├── array-unique@0.3.2 deduped
│ │ │ │ ├─┬ extend-shallow@2.0.1
│ │ │ │ │ └── is-extendable@0.1.1 deduped
│ │ │ │ ├─┬ fill-range@4.0.0
│ │ │ │ │ ├─┬ extend-shallow@2.0.1
│ │ │ │ │ │ └── is-extendable@0.1.1 deduped
│ │ │ │ │ ├─┬ is-number@3.0.0
│ │ │ │ │ │ └─┬ kind-of@3.2.2
│ │ │ │ │ │   └── is-buffer@1.1.6 deduped
│ │ │ │ │ ├── repeat-string@1.6.1 deduped
│ │ │ │ │ └─┬ to-regex-range@2.1.1
│ │ │ │ │   ├── is-number@3.0.0 deduped
│ │ │ │ │   └── repeat-string@1.6.1 deduped
│ │ │ │ ├── isobject@3.0.1 deduped
│ │ │ │ ├── repeat-element@1.1.3 deduped
│ │ │ │ ├── snapdragon@0.8.2 deduped
│ │ │ │ ├── snapdragon-node@2.1.1 deduped
│ │ │ │ ├── split-string@3.1.0 deduped
│ │ │ │ └── to-regex@3.0.2 deduped
│ │ │ ├─┬ define-property@2.0.2
│ │ │ │ ├─┬ is-descriptor@1.0.2
│ │ │ │ │ ├─┬ is-accessor-descriptor@1.0.0
│ │ │ │ │ │ └── kind-of@6.0.2 deduped
│ │ │ │ │ ├─┬ is-data-descriptor@1.0.0
│ │ │ │ │ │ └── kind-of@6.0.2 deduped
│ │ │ │ │ └── kind-of@6.0.2 deduped
│ │ │ │ └── isobject@3.0.1 deduped
│ │ │ ├── extend-shallow@3.0.2 deduped
│ │ │ ├─┬ extglob@2.0.4
│ │ │ │ ├── array-unique@0.3.2 deduped
│ │ │ │ ├─┬ define-property@1.0.0
│ │ │ │ │ └─┬ is-descriptor@1.0.2
│ │ │ │ │   ├─┬ is-accessor-descriptor@1.0.0
│ │ │ │ │   │ └── kind-of@6.0.2 deduped
│ │ │ │ │   ├─┬ is-data-descriptor@1.0.0
│ │ │ │ │   │ └── kind-of@6.0.2 deduped
│ │ │ │ │   └── kind-of@6.0.2 deduped
│ │ │ │ ├─┬ expand-brackets@2.1.4
│ │ │ │ │ ├─┬ debug@2.6.9
│ │ │ │ │ │ └── ms@2.0.0
│ │ │ │ │ ├─┬ define-property@0.2.5
│ │ │ │ │ │ └── is-descriptor@0.1.6 deduped
│ │ │ │ │ ├─┬ extend-shallow@2.0.1
│ │ │ │ │ │ └── is-extendable@0.1.1 deduped
│ │ │ │ │ ├── posix-character-classes@0.1.1
│ │ │ │ │ ├── regex-not@1.0.2 deduped
│ │ │ │ │ ├── snapdragon@0.8.2 deduped
│ │ │ │ │ └── to-regex@3.0.2 deduped
│ │ │ │ ├─┬ extend-shallow@2.0.1
│ │ │ │ │ └── is-extendable@0.1.1 deduped
│ │ │ │ ├── fragment-cache@0.2.1 deduped
│ │ │ │ ├── regex-not@1.0.2 deduped
│ │ │ │ ├── snapdragon@0.8.2 deduped
│ │ │ │ └── to-regex@3.0.2 deduped
│ │ │ ├─┬ fragment-cache@0.2.1
│ │ │ │ └── map-cache@0.2.2
│ │ │ ├── kind-of@6.0.2
│ │ │ ├─┬ nanomatch@1.2.13
│ │ │ │ ├── arr-diff@4.0.0 deduped
│ │ │ │ ├── array-unique@0.3.2 deduped
│ │ │ │ ├── define-property@2.0.2 deduped
│ │ │ │ ├── extend-shallow@3.0.2 deduped
│ │ │ │ ├── fragment-cache@0.2.1 deduped
│ │ │ │ ├── is-windows@1.0.2 deduped
│ │ │ │ ├── kind-of@6.0.2 deduped
│ │ │ │ ├── object.pick@1.3.0 deduped
│ │ │ │ ├── regex-not@1.0.2 deduped
│ │ │ │ ├── snapdragon@0.8.2 deduped
│ │ │ │ └── to-regex@3.0.2 deduped
│ │ │ ├─┬ object.pick@1.3.0
│ │ │ │ └── isobject@3.0.1 deduped
│ │ │ ├─┬ regex-not@1.0.2
│ │ │ │ ├── extend-shallow@3.0.2 deduped
│ │ │ │ └─┬ safe-regex@1.1.0
│ │ │ │   └── ret@0.1.15
│ │ │ ├─┬ snapdragon@0.8.2
│ │ │ │ ├─┬ base@0.11.2
│ │ │ │ │ ├─┬ cache-base@1.0.1
│ │ │ │ │ │ ├─┬ collection-visit@1.0.0
│ │ │ │ │ │ │ ├─┬ map-visit@1.0.0
│ │ │ │ │ │ │ │ └── object-visit@1.0.1 deduped
│ │ │ │ │ │ │ └─┬ object-visit@1.0.1
│ │ │ │ │ │ │   └── isobject@3.0.1 deduped
│ │ │ │ │ │ ├── component-emitter@1.3.0 deduped
│ │ │ │ │ │ ├── get-value@2.0.6 deduped
│ │ │ │ │ │ ├─┬ has-value@1.0.0
│ │ │ │ │ │ │ ├── get-value@2.0.6 deduped
│ │ │ │ │ │ │ ├─┬ has-values@1.0.0
│ │ │ │ │ │ │ │ ├─┬ is-number@3.0.0
│ │ │ │ │ │ │ │ │ └─┬ kind-of@3.2.2
│ │ │ │ │ │ │ │ │   └── is-buffer@1.1.6 deduped
│ │ │ │ │ │ │ │ └─┬ kind-of@4.0.0
│ │ │ │ │ │ │ │   └── is-buffer@1.1.6 deduped
│ │ │ │ │ │ │ └── isobject@3.0.1 deduped
│ │ │ │ │ │ ├── isobject@3.0.1 deduped
│ │ │ │ │ │ ├─┬ set-value@2.0.1
│ │ │ │ │ │ │ ├─┬ extend-shallow@2.0.1
│ │ │ │ │ │ │ │ └── is-extendable@0.1.1 deduped
│ │ │ │ │ │ │ ├── is-extendable@0.1.1 deduped
│ │ │ │ │ │ │ ├── is-plain-object@2.0.4 deduped
│ │ │ │ │ │ │ └── split-string@3.1.0 deduped
│ │ │ │ │ │ ├─┬ to-object-path@0.3.0
│ │ │ │ │ │ │ └─┬ kind-of@3.2.2
│ │ │ │ │ │ │   └── is-buffer@1.1.6 deduped
│ │ │ │ │ │ ├─┬ union-value@1.0.1
│ │ │ │ │ │ │ ├── arr-union@3.1.0 deduped
│ │ │ │ │ │ │ ├── get-value@2.0.6 deduped
│ │ │ │ │ │ │ ├── is-extendable@0.1.1 deduped
│ │ │ │ │ │ │ └── set-value@2.0.1 deduped
│ │ │ │ │ │ └─┬ unset-value@1.0.0
│ │ │ │ │ │   ├─┬ has-value@0.3.1
│ │ │ │ │ │   │ ├── get-value@2.0.6 deduped
│ │ │ │ │ │   │ ├── has-values@0.1.4
│ │ │ │ │ │   │ └─┬ isobject@2.1.0
│ │ │ │ │ │   │   └── isarray@1.0.0 deduped
│ │ │ │ │ │   └── isobject@3.0.1 deduped
│ │ │ │ │ ├─┬ class-utils@0.3.6
│ │ │ │ │ │ ├── arr-union@3.1.0 deduped
│ │ │ │ │ │ ├─┬ define-property@0.2.5
│ │ │ │ │ │ │ └── is-descriptor@0.1.6 deduped
│ │ │ │ │ │ ├── isobject@3.0.1 deduped
│ │ │ │ │ │ └─┬ static-extend@0.1.2
│ │ │ │ │ │   ├─┬ define-property@0.2.5
│ │ │ │ │ │   │ └── is-descriptor@0.1.6 deduped
│ │ │ │ │ │   └─┬ object-copy@0.1.0
│ │ │ │ │ │     ├── copy-descriptor@0.1.1
│ │ │ │ │ │     ├─┬ define-property@0.2.5
│ │ │ │ │ │     │ └── is-descriptor@0.1.6 deduped
│ │ │ │ │ │     └─┬ kind-of@3.2.2
│ │ │ │ │ │       └── is-buffer@1.1.6 deduped
│ │ │ │ │ ├── component-emitter@1.3.0
│ │ │ │ │ ├─┬ define-property@1.0.0
│ │ │ │ │ │ └─┬ is-descriptor@1.0.2
│ │ │ │ │ │   ├─┬ is-accessor-descriptor@1.0.0
│ │ │ │ │ │   │ └── kind-of@6.0.2 deduped
│ │ │ │ │ │   ├─┬ is-data-descriptor@1.0.0
│ │ │ │ │ │   │ └── kind-of@6.0.2 deduped
│ │ │ │ │ │   └── kind-of@6.0.2 deduped
│ │ │ │ │ ├── isobject@3.0.1 deduped
│ │ │ │ │ ├─┬ mixin-deep@1.3.2
│ │ │ │ │ │ ├── for-in@1.0.2 deduped
│ │ │ │ │ │ └─┬ is-extendable@1.0.1
│ │ │ │ │ │   └── is-plain-object@2.0.4 deduped
│ │ │ │ │ └── pascalcase@0.1.1
│ │ │ │ ├─┬ debug@2.6.9
│ │ │ │ │ └── ms@2.0.0
│ │ │ │ ├─┬ define-property@0.2.5
│ │ │ │ │ └─┬ is-descriptor@0.1.6
│ │ │ │ │   ├─┬ is-accessor-descriptor@0.1.6
│ │ │ │ │   │ └─┬ kind-of@3.2.2
│ │ │ │ │   │   └── is-buffer@1.1.6 deduped
│ │ │ │ │   ├─┬ is-data-descriptor@0.1.4
│ │ │ │ │   │ └─┬ kind-of@3.2.2
│ │ │ │ │   │   └── is-buffer@1.1.6 deduped
│ │ │ │ │   └── kind-of@5.1.0
│ │ │ │ ├─┬ extend-shallow@2.0.1
│ │ │ │ │ └── is-extendable@0.1.1 deduped
│ │ │ │ ├── map-cache@0.2.2 deduped
│ │ │ │ ├── source-map@0.5.7 deduped
│ │ │ │ ├── source-map-resolve@0.5.2 deduped
│ │ │ │ └── use@3.1.1
│ │ │ └─┬ to-regex@3.0.2
│ │ │   ├── define-property@2.0.2 deduped
│ │ │   ├── extend-shallow@3.0.2 deduped
│ │ │   ├── regex-not@1.0.2 deduped
│ │ │   └── safe-regex@1.1.0 deduped
│ │ └─┬ resolve-dir@1.0.1
│ │   ├─┬ expand-tilde@2.0.2
│ │   │ └── homedir-polyfill@1.0.3 deduped
│ │   └─┬ global-modules@1.0.0
│ │     ├─┬ global-prefix@1.0.2
│ │     │ ├── expand-tilde@2.0.2 deduped
│ │     │ ├── homedir-polyfill@1.0.3 deduped
│ │     │ ├── ini@1.3.5
│ │     │ ├── is-windows@1.0.2 deduped
│ │     │ └── which@1.3.1 deduped
│ │     ├── is-windows@1.0.2 deduped
│ │     └── resolve-dir@1.0.1 deduped
│ ├─┬ gulplog@1.0.0
│ │ └─┬ glogg@1.0.2
│ │   └── sparkles@1.0.1 deduped
│ ├─┬ has-gulplog@0.1.0
│ │ └── sparkles@1.0.1
│ ├─┬ micromatch@4.0.2
│ │ ├─┬ braces@3.0.2
│ │ │ └─┬ fill-range@7.0.1
│ │ │   └─┬ to-regex-range@5.0.1
│ │ │     └── is-number@7.0.0
│ │ └── picomatch@2.0.7
│ └─┬ resolve@1.11.1
│   └── path-parse@1.0.6
├─┬ gulp-rev@9.0.0
│ ├── modify-filename@1.1.0
│ ├── plugin-error@1.0.1 deduped
│ ├── rev-hash@2.0.0
│ ├─┬ rev-path@2.0.0
│ │ └── modify-filename@1.1.0 deduped
│ ├─┬ sort-keys@2.0.0
│ │ └── is-plain-obj@1.1.0
│ ├── through2@2.0.5 deduped
│ ├── vinyl@2.2.0 deduped
│ └─┬ vinyl-file@3.0.0
│   ├── graceful-fs@4.2.0 deduped
│   ├── pify@2.3.0
│   ├─┬ strip-bom-buf@1.0.0
│   │ └── is-utf8@0.2.1 deduped
│   ├─┬ strip-bom-stream@2.0.0
│   │ ├─┬ first-chunk-stream@2.0.0
│   │ │ └── readable-stream@2.3.6 deduped
│   │ └─┬ strip-bom@2.0.0
│   │   └── is-utf8@0.2.1 deduped
│   └── vinyl@2.2.0 deduped
├─┬ gulp-sass@4.0.2
│ ├─┬ chalk@2.4.2
│ │ ├─┬ ansi-styles@3.2.1
│ │ │ └─┬ color-convert@1.9.3
│ │ │   └── color-name@1.1.3
│ │ ├── escape-string-regexp@1.0.5
│ │ └─┬ supports-color@5.5.0
│ │   └── has-flag@3.0.0 deduped
│ ├── lodash.clonedeep@4.5.0
│ ├─┬ node-sass@4.12.0
│ │ ├── async-foreach@0.1.3
│ │ ├─┬ chalk@1.1.3
│ │ │ ├── ansi-styles@2.2.1
│ │ │ ├── escape-string-regexp@1.0.5 deduped
│ │ │ ├── has-ansi@2.0.0 deduped
│ │ │ ├── strip-ansi@3.0.1 deduped
│ │ │ └── supports-color@2.0.0
│ │ ├─┬ cross-spawn@3.0.1
│ │ │ ├─┬ lru-cache@4.1.5
│ │ │ │ ├── pseudomap@1.0.2
│ │ │ │ └── yallist@2.1.2
│ │ │ └── which@1.3.1 deduped
│ │ ├─┬ gaze@1.1.3
│ │ │ └─┬ globule@1.2.1
│ │ │   ├── glob@7.1.4 deduped
│ │ │   ├── lodash@4.17.15 deduped
│ │ │   └── minimatch@3.0.4 deduped
│ │ ├── get-stdin@4.0.1
│ │ ├── glob@7.1.4 deduped
│ │ ├── in-publish@2.0.0
│ │ ├── lodash@4.17.15
│ │ ├─┬ meow@3.7.0
│ │ │ ├─┬ camelcase-keys@2.1.0
│ │ │ │ ├── camelcase@2.1.1
│ │ │ │ └── map-obj@1.0.1 deduped
│ │ │ ├── decamelize@1.2.0 deduped
│ │ │ ├─┬ loud-rejection@1.6.0
│ │ │ │ ├─┬ currently-unhandled@0.4.1
│ │ │ │ │ └── array-find-index@1.0.2
│ │ │ │ └── signal-exit@3.0.2
│ │ │ ├── map-obj@1.0.1
│ │ │ ├── minimist@1.2.0
│ │ │ ├─┬ normalize-package-data@2.5.0
│ │ │ │ ├── hosted-git-info@2.7.1
│ │ │ │ ├── resolve@1.11.1 deduped
│ │ │ │ ├── semver@5.7.0
│ │ │ │ └─┬ validate-npm-package-license@3.0.4
│ │ │ │   ├─┬ spdx-correct@3.1.0
│ │ │ │   │ ├── spdx-expression-parse@3.0.0 deduped
│ │ │ │   │ └── spdx-license-ids@3.0.5
│ │ │ │   └─┬ spdx-expression-parse@3.0.0
│ │ │ │     ├── spdx-exceptions@2.2.0
│ │ │ │     └── spdx-license-ids@3.0.5 deduped
│ │ │ ├── object-assign@4.1.1 deduped
│ │ │ ├── read-pkg-up@1.0.1 deduped
│ │ │ ├─┬ redent@1.0.0
│ │ │ │ ├─┬ indent-string@2.1.0
│ │ │ │ │ └─┬ repeating@2.0.1
│ │ │ │ │   └─┬ is-finite@1.0.2
│ │ │ │ │     └── number-is-nan@1.0.1 deduped
│ │ │ │ └─┬ strip-indent@1.0.1
│ │ │ │   └── get-stdin@4.0.1
│ │ │ └── trim-newlines@1.0.0
│ │ ├─┬ mkdirp@0.5.1
│ │ │ └── minimist@0.0.8
│ │ ├── nan@2.14.0 deduped
│ │ ├─┬ node-gyp@3.8.0
│ │ │ ├─┬ fstream@1.0.12
│ │ │ │ ├── graceful-fs@4.2.0 deduped
│ │ │ │ ├── inherits@2.0.4 deduped
│ │ │ │ ├── mkdirp@0.5.1 deduped
│ │ │ │ └── rimraf@2.6.3 deduped
│ │ │ ├── glob@7.1.4 deduped
│ │ │ ├── graceful-fs@4.2.0 deduped
│ │ │ ├── mkdirp@0.5.1 deduped
│ │ │ ├─┬ nopt@3.0.6
│ │ │ │ └── abbrev@1.1.1
│ │ │ ├── npmlog@4.1.2 deduped
│ │ │ ├─┬ osenv@0.1.5
│ │ │ │ ├── os-homedir@1.0.2
│ │ │ │ └── os-tmpdir@1.0.2
│ │ │ ├── request@2.88.0 deduped
│ │ │ ├── rimraf@2.6.3 deduped
│ │ │ ├── semver@5.3.0
│ │ │ ├─┬ tar@2.2.2
│ │ │ │ ├─┬ block-stream@0.0.9
│ │ │ │ │ └── inherits@2.0.4 deduped
│ │ │ │ ├── fstream@1.0.12 deduped
│ │ │ │ └── inherits@2.0.4 deduped
│ │ │ └─┬ which@1.3.1
│ │ │   └── isexe@2.0.0
│ │ ├─┬ npmlog@4.1.2
│ │ │ ├─┬ are-we-there-yet@1.1.5
│ │ │ │ ├── delegates@1.0.0
│ │ │ │ └── readable-stream@2.3.6 deduped
│ │ │ ├── console-control-strings@1.1.0
│ │ │ ├─┬ gauge@2.7.4
│ │ │ │ ├── aproba@1.2.0
│ │ │ │ ├── console-control-strings@1.1.0 deduped
│ │ │ │ ├── has-unicode@2.0.1
│ │ │ │ ├── object-assign@4.1.1 deduped
│ │ │ │ ├── signal-exit@3.0.2 deduped
│ │ │ │ ├─┬ string-width@1.0.2
│ │ │ │ │ ├── code-point-at@1.1.0 deduped
│ │ │ │ │ ├─┬ is-fullwidth-code-point@1.0.0
│ │ │ │ │ │ └── number-is-nan@1.0.1 deduped
│ │ │ │ │ └── strip-ansi@3.0.1 deduped
│ │ │ │ ├── strip-ansi@3.0.1 deduped
│ │ │ │ └─┬ wide-align@1.1.3
│ │ │ │   └─┬ string-width@2.1.1
│ │ │ │     ├── is-fullwidth-code-point@2.0.0
│ │ │ │     └─┬ strip-ansi@4.0.0
│ │ │ │       └── ansi-regex@3.0.0
│ │ │ └── set-blocking@2.0.0 deduped
│ │ ├─┬ request@2.88.0
│ │ │ ├── aws-sign2@0.7.0
│ │ │ ├── aws4@1.8.0
│ │ │ ├── caseless@0.12.0
│ │ │ ├─┬ combined-stream@1.0.8
│ │ │ │ └── delayed-stream@1.0.0
│ │ │ ├── extend@3.0.2 deduped
│ │ │ ├── forever-agent@0.6.1
│ │ │ ├─┬ form-data@2.3.3
│ │ │ │ ├── asynckit@0.4.0
│ │ │ │ ├── combined-stream@1.0.8 deduped
│ │ │ │ └── mime-types@2.1.24 deduped
│ │ │ ├─┬ har-validator@5.1.3
│ │ │ │ ├─┬ ajv@6.10.2
│ │ │ │ │ ├── fast-deep-equal@2.0.1
│ │ │ │ │ ├── fast-json-stable-stringify@2.0.0
│ │ │ │ │ ├── json-schema-traverse@0.4.1
│ │ │ │ │ └─┬ uri-js@4.2.2
│ │ │ │ │   └── punycode@2.1.1
│ │ │ │ └── har-schema@2.0.0
│ │ │ ├─┬ http-signature@1.2.0
│ │ │ │ ├── assert-plus@1.0.0
│ │ │ │ ├─┬ jsprim@1.4.1
│ │ │ │ │ ├── assert-plus@1.0.0 deduped
│ │ │ │ │ ├── extsprintf@1.3.0
│ │ │ │ │ ├── json-schema@0.2.3
│ │ │ │ │ └─┬ verror@1.10.0
│ │ │ │ │   ├── assert-plus@1.0.0 deduped
│ │ │ │ │   ├── core-util-is@1.0.2 deduped
│ │ │ │ │   └── extsprintf@1.3.0 deduped
│ │ │ │ └─┬ sshpk@1.16.1
│ │ │ │   ├─┬ asn1@0.2.4
│ │ │ │   │ └── safer-buffer@2.1.2 deduped
│ │ │ │   ├── assert-plus@1.0.0 deduped
│ │ │ │   ├─┬ bcrypt-pbkdf@1.0.2
│ │ │ │   │ └── tweetnacl@0.14.5 deduped
│ │ │ │   ├─┬ dashdash@1.14.1
│ │ │ │   │ └── assert-plus@1.0.0 deduped
│ │ │ │   ├─┬ ecc-jsbn@0.1.2
│ │ │ │   │ ├── jsbn@0.1.1 deduped
│ │ │ │   │ └── safer-buffer@2.1.2 deduped
│ │ │ │   ├─┬ getpass@0.1.7
│ │ │ │   │ └── assert-plus@1.0.0 deduped
│ │ │ │   ├── jsbn@0.1.1
│ │ │ │   ├── safer-buffer@2.1.2
│ │ │ │   └── tweetnacl@0.14.5
│ │ │ ├── is-typedarray@1.0.0
│ │ │ ├── isstream@0.1.2
│ │ │ ├── json-stringify-safe@5.0.1
│ │ │ ├─┬ mime-types@2.1.24
│ │ │ │ └── mime-db@1.40.0
│ │ │ ├── oauth-sign@0.9.0
│ │ │ ├── performance-now@2.1.0
│ │ │ ├── qs@6.5.2
│ │ │ ├── safe-buffer@5.2.0 deduped
│ │ │ ├─┬ tough-cookie@2.4.3
│ │ │ │ ├── psl@1.2.0
│ │ │ │ └── punycode@1.4.1
│ │ │ ├─┬ tunnel-agent@0.6.0
│ │ │ │ └── safe-buffer@5.2.0 deduped
│ │ │ └── uuid@3.3.2
│ │ ├─┬ sass-graph@2.2.4
│ │ │ ├── glob@7.1.4 deduped
│ │ │ ├── lodash@4.17.15 deduped
│ │ │ ├─┬ scss-tokenizer@0.2.3
│ │ │ │ ├── js-base64@2.5.1
│ │ │ │ └─┬ source-map@0.4.4
│ │ │ │   └── amdefine@1.0.1 deduped
│ │ │ └── yargs@7.1.0 deduped
│ │ ├─┬ stdout-stream@1.4.1
│ │ │ └── readable-stream@2.3.6 deduped
│ │ └─┬ true-case-path@1.0.3
│ │   └── glob@7.1.4 deduped
│ ├── plugin-error@1.0.1 deduped
│ ├── replace-ext@1.0.0
│ ├─┬ strip-ansi@4.0.0
│ │ └── ansi-regex@3.0.0
│ ├── through2@2.0.5 deduped
│ └── vinyl-sourcemaps-apply@0.2.1 deduped
├─┬ gulp-size@3.0.0
│ ├── chalk@2.4.2 deduped
│ ├── fancy-log@1.3.3 deduped
│ ├─┬ gzip-size@4.1.0
│ │ ├── duplexer@0.1.1 deduped
│ │ └── pify@3.0.0
│ ├─┬ plugin-error@0.1.2
│ │ ├── ansi-cyan@0.1.1 deduped
│ │ ├── ansi-red@0.1.1 deduped
│ │ ├─┬ arr-diff@1.1.0
│ │ │ ├── arr-flatten@1.1.0 deduped
│ │ │ └── array-slice@0.2.3
│ │ ├── arr-union@2.1.0
│ │ └─┬ extend-shallow@1.1.4
│ │   └── kind-of@1.1.0
│ ├── pretty-bytes@4.0.2
│ ├── stream-counter@1.0.0
│ └── through2@2.0.5 deduped
├─┬ gulp-sourcemaps@2.6.5
│ ├─┬ @gulp-sourcemaps/identity-map@1.0.2
│ │ ├── acorn@5.7.3 deduped
│ │ ├── css@2.2.4 deduped
│ │ ├─┬ normalize-path@2.1.1
│ │ │ └── remove-trailing-separator@1.1.0 deduped
│ │ ├── source-map@0.6.1
│ │ └── through2@2.0.5 deduped
│ ├─┬ @gulp-sourcemaps/map-sources@1.0.0
│ │ ├── normalize-path@2.1.1 deduped
│ │ └── through2@2.0.5 deduped
│ ├── acorn@5.7.3
│ ├─┬ convert-source-map@1.6.0
│ │ └── safe-buffer@5.1.2
│ ├─┬ css@2.2.4
│ │ ├── inherits@2.0.4
│ │ ├── source-map@0.6.1
│ │ ├─┬ source-map-resolve@0.5.2
│ │ │ ├── atob@2.1.2
│ │ │ ├── decode-uri-component@0.2.0
│ │ │ ├── resolve-url@0.2.1
│ │ │ ├── source-map-url@0.4.0
│ │ │ └── urix@0.1.0 deduped
│ │ └── urix@0.1.0
│ ├─┬ debug-fabulous@1.1.0
│ │ ├─┬ debug@3.1.0
│ │ │ └── ms@2.0.0
│ │ ├─┬ memoizee@0.4.14
│ │ │ ├── d@1.0.1 deduped
│ │ │ ├── es5-ext@0.10.50 deduped
│ │ │ ├── es6-weak-map@2.0.3 deduped
│ │ │ ├─┬ event-emitter@0.3.5
│ │ │ │ ├── d@1.0.1 deduped
│ │ │ │ └── es5-ext@0.10.50 deduped
│ │ │ ├── is-promise@2.1.0
│ │ │ ├─┬ lru-queue@0.1.0
│ │ │ │ └── es5-ext@0.10.50 deduped
│ │ │ ├── next-tick@1.0.0
│ │ │ └─┬ timers-ext@0.1.7
│ │ │   ├── es5-ext@0.10.50 deduped
│ │ │   └── next-tick@1.0.0 deduped
│ │ └── object-assign@4.1.1
│ ├── detect-newline@2.1.0
│ ├── graceful-fs@4.2.0
│ ├── source-map@0.6.1
│ ├── strip-bom-string@1.0.0
│ └── through2@2.0.5 deduped
├─┬ gulp-svgmin@2.2.0
│ ├── plugin-error@1.0.1 deduped
│ └─┬ svgo@1.3.0
│   ├── chalk@2.4.2 deduped
│   ├─┬ coa@2.0.2
│   │ ├── @types/q@1.5.2
│   │ ├── chalk@2.4.2 deduped
│   │ └── q@1.5.1
│   ├─┬ css-select@2.0.2
│   │ ├── boolbase@1.0.0 deduped
│   │ ├── css-what@2.1.3 deduped
│   │ ├─┬ domutils@1.7.0
│   │ │ ├── dom-serializer@0.1.1 deduped
│   │ │ └── domelementtype@1.3.1 deduped
│   │ └── nth-check@1.0.2 deduped
│   ├── css-select-base-adapter@0.1.1
│   ├─┬ css-tree@1.0.0-alpha.33
│   │ ├── mdn-data@2.0.4
│   │ └── source-map@0.5.7 deduped
│   ├─┬ csso@3.5.1
│   │ └─┬ css-tree@1.0.0-alpha.29
│   │   ├── mdn-data@1.1.4
│   │   └── source-map@0.5.7 deduped
│   ├─┬ js-yaml@3.13.1
│   │ ├─┬ argparse@1.0.10
│   │ │ └── sprintf-js@1.0.3
│   │ └── esprima@4.0.1
│   ├── mkdirp@0.5.1 deduped
│   ├─┬ object.values@1.1.0
│   │ ├── define-properties@1.1.3 deduped
│   │ ├─┬ es-abstract@1.13.0
│   │ │ ├─┬ es-to-primitive@1.2.0
│   │ │ │ ├── is-callable@1.1.4 deduped
│   │ │ │ ├── is-date-object@1.0.1
│   │ │ │ └─┬ is-symbol@1.0.2
│   │ │ │   └── has-symbols@1.0.0 deduped
│   │ │ ├── function-bind@1.1.1 deduped
│   │ │ ├── has@1.0.3 deduped
│   │ │ ├── is-callable@1.1.4
│   │ │ ├─┬ is-regex@1.0.4
│   │ │ │ └── has@1.0.3 deduped
│   │ │ └── object-keys@1.1.1 deduped
│   │ ├── function-bind@1.1.1 deduped
│   │ └─┬ has@1.0.3
│   │   └── function-bind@1.1.1 deduped
│   ├── sax@1.2.4
│   ├── stable@0.1.8
│   ├── unquote@1.1.1
│   └─┬ util.promisify@1.0.0
│     ├── define-properties@1.1.3 deduped
│     └─┬ object.getownpropertydescriptors@2.0.3
│       ├── define-properties@1.1.3 deduped
│       └── es-abstract@1.13.0 deduped
├─┬ gulp-svgstore@7.0.1
│ ├── cheerio@0.22.0 deduped
│ ├── fancy-log@1.3.3 deduped
│ ├─┬ plugin-error@0.1.2
│ │ ├── ansi-cyan@0.1.1 deduped
│ │ ├── ansi-red@0.1.1 deduped
│ │ ├─┬ arr-diff@1.1.0
│ │ │ ├── arr-flatten@1.1.0 deduped
│ │ │ └── array-slice@0.2.3
│ │ ├── arr-union@2.1.0
│ │ └─┬ extend-shallow@1.1.4
│ │   └── kind-of@1.1.0
│ └── vinyl@2.2.0 deduped
├─┬ gulp-uglify@3.0.2
│ ├── array-each@1.0.1
│ ├─┬ extend-shallow@3.0.2
│ │ ├── assign-symbols@1.0.0
│ │ └─┬ is-extendable@1.0.1
│ │   └── is-plain-object@2.0.4 deduped
│ ├── gulplog@1.0.0 deduped
│ ├── has-gulplog@0.1.0 deduped
│ ├── isobject@3.0.1
│ ├─┬ make-error-cause@1.2.2
│ │ └── make-error@1.3.5
│ ├── safe-buffer@5.2.0
│ ├── through2@2.0.5 deduped
│ ├─┬ uglify-js@3.6.0
│ │ ├── commander@2.20.0
│ │ └── source-map@0.6.1
│ └── vinyl-sourcemaps-apply@0.2.1 deduped
├─┬ gulp-util@3.0.8
│ ├── array-differ@1.0.0
│ ├── array-uniq@1.0.3
│ ├── beeper@1.1.1
│ ├─┬ chalk@1.1.3
│ │ ├── ansi-styles@2.2.1
│ │ ├── escape-string-regexp@1.0.5 deduped
│ │ ├─┬ has-ansi@2.0.0
│ │ │ └── ansi-regex@2.1.1
│ │ ├─┬ strip-ansi@3.0.1
│ │ │ └── ansi-regex@2.1.1 deduped
│ │ └── supports-color@2.0.0
│ ├── dateformat@2.2.0
│ ├── fancy-log@1.3.3 deduped
│ ├── gulplog@1.0.0 deduped
│ ├── has-gulplog@0.1.0 deduped
│ ├── lodash._reescape@3.0.0
│ ├── lodash._reevaluate@3.0.0
│ ├── lodash._reinterpolate@3.0.0
│ ├─┬ lodash.template@3.6.2
│ │ ├── lodash._basecopy@3.0.1
│ │ ├── lodash._basetostring@3.0.1
│ │ ├── lodash._basevalues@3.0.0
│ │ ├── lodash._isiterateecall@3.0.9
│ │ ├── lodash._reinterpolate@3.0.0 deduped
│ │ ├─┬ lodash.escape@3.2.0
│ │ │ └── lodash._root@3.0.1
│ │ ├─┬ lodash.keys@3.1.2
│ │ │ ├── lodash._getnative@3.9.1
│ │ │ ├── lodash.isarguments@3.1.0
│ │ │ └── lodash.isarray@3.0.4
│ │ ├── lodash.restparam@3.6.1
│ │ └─┬ lodash.templatesettings@3.1.1
│ │   ├── lodash._reinterpolate@3.0.0 deduped
│ │   └── lodash.escape@3.2.0 deduped
│ ├── minimist@1.2.0
│ ├─┬ multipipe@0.1.2
│ │ └─┬ duplexer2@0.0.2
│ │   └─┬ readable-stream@1.1.14
│ │     ├── core-util-is@1.0.2 deduped
│ │     ├── inherits@2.0.4 deduped
│ │     ├── isarray@0.0.1
│ │     └── string_decoder@0.10.31
│ ├── object-assign@3.0.0
│ ├── replace-ext@0.0.1
│ ├── through2@2.0.5 deduped
│ └─┬ vinyl@0.5.3
│   ├── clone@1.0.4
│   ├── clone-stats@0.0.1
│   └── replace-ext@0.0.1 deduped
├── UNMET PEER DEPENDENCY jquery@1.9.1 - 3
├── popper.js@1.15.0
├── relative-path@1.1.0
└─┬ run-sequence@2.2.1
  ├─┬ chalk@1.1.3
  │ ├── ansi-styles@2.2.1
  │ ├── escape-string-regexp@1.0.5 deduped
  │ ├── has-ansi@2.0.0 deduped
  │ ├── strip-ansi@3.0.1 deduped
  │ └── supports-color@2.0.0
  ├── fancy-log@1.3.3 deduped
  └─┬ plugin-error@0.1.2
    ├── ansi-cyan@0.1.1 deduped
    ├── ansi-red@0.1.1 deduped
    ├─┬ arr-diff@1.1.0
    │ ├── arr-flatten@1.1.0 deduped
    │ └── array-slice@0.2.3
    ├── arr-union@2.1.0
    └─┬ extend-shallow@1.1.4
      └── kind-of@1.1.0

